<?xml version="1.0" encoding="UTF-8"?>
<!-- Generated by org.testng.reporters.JUnitXMLReporter -->
<testsuite ignored="0" hostname="DESKTOP-VG4CC6U" failures="0" tests="4" name="Guru99 App Testcases" time="39.152" errors="0" timestamp="2022-07-31T11:08:23 CDT">
  <testcase classname="com.pom.testcases.LoginPageTest" name="loginPageTitleTest" time="0.142"/>
  <testcase classname="com.pom.testcases.LoginPageTest" name="Guru99LogoImageTest" time="4.363"/>
  <testcase classname="com.pom.testcases.LoginPageTest" name="loginTest" time="4.22"/>
  <testcase classname="com.pom.testcases.FlightBookingPageTest" name="SuccessfullFlightBookingTest" time="10.552"/>
</testsuite> <!-- Guru99 App Testcases -->
